# JRE version: OpenJDK Runtime Environment Temurin-21.0.9+10 (21.0.9+10) (build 21.0.9+10-LTS)
# Java VM: OpenJDK 64-Bit Server VM Temurin-21.0.9+10 (21.0.9+10-LTS, mixed mode, sharing, tiered, compressed oops, compressed class ptrs, parallel gc, windows-amd64)
GC Precious Log:
 CardTable entry size: 512
 CPUs: 12 total, 12 available
 Memory: 7381M
 Large Page Support: Disabled
 NUMA Support: Disabled
 Compressed Oops: Enabled (32-bit)
 Alignments: Space 512K, Generation 512K, Heap 2M
 Heap Min Capacity: 100M
 Heap Initial Capacity: 100M
 Heap Max Capacity: 2G
 Pre-touch: Disabled
 Parallel Workers: 10
Heap:
 PSYoungGen      total 3072K, used 664K [0x00000000d5580000, 0x00000000d5b00000, 0x0000000100000000)
  eden space 2560K, 13% used [0x00000000d5580000,0x00000000d55d63c8,0x00000000d5800000)
  from space 512K, 62% used [0x00000000d5a80000,0x00000000d5ad0000,0x00000000d5b00000)
  to   space 1024K, 0% used [0x00000000d5900000,0x00000000d5900000,0x00000000d5a00000)
 ParOldGen       total 1083392K, used 1082130K [0x0000000080000000, 0x00000000c2200000, 0x00000000d5580000)
  object space 1083392K, 99% used [0x0000000080000000,0x00000000c20c4bc0,0x00000000c2200000)
 Metaspace       used 65281K, committed 66688K, reserved 1114112K
  class space    used 6765K, committed 7360K, reserved 1048576K
GC Heap History (20 events):
Event: 10514.767 GC heap before
{Heap before GC invocations=322 (full 3):
 PSYoungGen      total 1536K, used 1120K [0x00000000d5580000, 0x00000000d5a80000, 0x0000000100000000)
  eden space 512K, 100% used [0x00000000d5580000,0x00000000d5600000,0x00000000d5600000)
  from space 1024K, 59% used [0x00000000d5980000,0x00000000d5a18000,0x00000000d5a80000)
  to   space 1024K, 0% used [0x00000000d5600000,0x00000000d5600000,0x00000000d5700000)
 ParOldGen       total 1043968K, used 1043834K [0x0000000080000000, 0x00000000bfb80000, 0x00000000d5580000)
  object space 1043968K, 99% used [0x0000000080000000,0x00000000bfb5e9b0,0x00000000bfb80000)
 Metaspace       used 65208K, committed 66560K, reserved 1114112K
  class space    used 6763K, committed 7360K, reserved 1048576K
}
Event: 10514.770 GC heap after
{Heap after GC invocations=322 (full 3):
 PSYoungGen      total 1536K, used 608K [0x00000000d5580000, 0x00000000d5a00000, 0x0000000100000000)
  eden space 512K, 0% used [0x00000000d5580000,0x00000000d5580000,0x00000000d5600000)
  from space 1024K, 59% used [0x00000000d5600000,0x00000000d5698000,0x00000000d5700000)
  to   space 1024K, 0% used [0x00000000d5900000,0x00000000d5900000,0x00000000d5a00000)
 ParOldGen       total 1044480K, used 1044338K [0x0000000080000000, 0x00000000bfc00000, 0x00000000d5580000)
  object space 1044480K, 99% used [0x0000000080000000,0x00000000bfbdc9b0,0x00000000bfc00000)
 Metaspace       used 65208K, committed 66560K, reserved 1114112K
  class space    used 6763K, committed 7360K, reserved 1048576K
}
Event: 10514.775 GC heap before
{Heap before GC invocations=323 (full 3):
 PSYoungGen      total 1536K, used 1120K [0x00000000d5580000, 0x00000000d5a00000, 0x0000000100000000)
  eden space 512K, 100% used [0x00000000d5580000,0x00000000d5600000,0x00000000d5600000)
  from space 1024K, 59% used [0x00000000d5600000,0x00000000d5698000,0x00000000d5700000)
  to   space 1024K, 0% used [0x00000000d5900000,0x00000000d5900000,0x00000000d5a00000)
 ParOldGen       total 1044480K, used 1044338K [0x0000000080000000, 0x00000000bfc00000, 0x00000000d5580000)
  object space 1044480K, 99% used [0x0000000080000000,0x00000000bfbdc9b0,0x00000000bfc00000)
 Metaspace       used 65208K, committed 66560K, reserved 1114112K
  class space    used 6763K, committed 7360K, reserved 1048576K
}
Event: 10514.779 GC heap after
{Heap after GC invocations=323 (full 3):
 PSYoungGen      total 2048K, used 640K [0x00000000d5580000, 0x00000000d5a00000, 0x0000000100000000)
  eden space 1024K, 0% used [0x00000000d5580000,0x00000000d5580000,0x00000000d5680000)
  from space 1024K, 62% used [0x00000000d5900000,0x00000000d59a0000,0x00000000d5a00000)
  to   space 1024K, 0% used [0x00000000d5800000,0x00000000d5800000,0x00000000d5900000)
 ParOldGen       total 1044992K, used 1044850K [0x0000000080000000, 0x00000000bfc80000, 0x00000000d5580000)
  object space 1044992K, 99% used [0x0000000080000000,0x00000000bfc5c9b0,0x00000000bfc80000)
 Metaspace       used 65208K, committed 66560K, reserved 1114112K
  class space    used 6763K, committed 7360K, reserved 1048576K
}
Event: 10514.787 GC heap before
{Heap before GC invocations=324 (full 3):
 PSYoungGen      total 2048K, used 1664K [0x00000000d5580000, 0x00000000d5a00000, 0x0000000100000000)
  eden space 1024K, 100% used [0x00000000d5580000,0x00000000d5680000,0x00000000d5680000)
  from space 1024K, 62% used [0x00000000d5900000,0x00000000d59a0000,0x00000000d5a00000)
  to   space 1024K, 0% used [0x00000000d5800000,0x00000000d5800000,0x00000000d5900000)
 ParOldGen       total 1044992K, used 1044850K [0x0000000080000000, 0x00000000bfc80000, 0x00000000d5580000)
  object space 1044992K, 99% used [0x0000000080000000,0x00000000bfc5c9b0,0x00000000bfc80000)
 Metaspace       used 65208K, committed 66560K, reserved 1114112K
  class space    used 6763K, committed 7360K, reserved 1048576K
}
Event: 10514.789 GC heap after
{Heap after GC invocations=324 (full 3):
 PSYoungGen      total 2560K, used 896K [0x00000000d5580000, 0x00000000d5980000, 0x0000000100000000)
  eden space 1536K, 0% used [0x00000000d5580000,0x00000000d5580000,0x00000000d5700000)
  from space 1024K, 87% used [0x00000000d5800000,0x00000000d58e0000,0x00000000d5900000)
  to   space 512K, 0% used [0x00000000d5900000,0x00000000d5900000,0x00000000d5980000)
 ParOldGen       total 1045504K, used 1045362K [0x0000000080000000, 0x00000000bfd00000, 0x00000000d5580000)
  object space 1045504K, 99% used [0x0000000080000000,0x00000000bfcdc9b0,0x00000000bfd00000)
 Metaspace       used 65208K, committed 66560K, reserved 1114112K
  class space    used 6763K, committed 7360K, reserved 1048576K
}
Event: 10514.797 GC heap before
{Heap before GC invocations=325 (full 3):
 PSYoungGen      total 2560K, used 2396K [0x00000000d5580000, 0x00000000d5980000, 0x0000000100000000)
  eden space 1536K, 97% used [0x00000000d5580000,0x00000000d56f7370,0x00000000d5700000)
  from space 1024K, 87% used [0x00000000d5800000,0x00000000d58e0000,0x00000000d5900000)
  to   space 512K, 0% used [0x00000000d5900000,0x00000000d5900000,0x00000000d5980000)
 ParOldGen       total 1045504K, used 1045362K [0x0000000080000000, 0x00000000bfd00000, 0x00000000d5580000)
  object space 1045504K, 99% used [0x0000000080000000,0x00000000bfcdc9b0,0x00000000bfd00000)
 Metaspace       used 65208K, committed 66560K, reserved 1114112K
  class space    used 6763K, committed 7360K, reserved 1048576K
}
Event: 10514.801 GC heap after
{Heap after GC invocations=325 (full 3):
 PSYoungGen      total 2048K, used 512K [0x00000000d5580000, 0x00000000d5b80000, 0x0000000100000000)
  eden space 1536K, 0% used [0x00000000d5580000,0x00000000d5580000,0x00000000d5700000)
  from space 512K, 100% used [0x00000000d5900000,0x00000000d5980000,0x00000000d5980000)
  to   space 2048K, 0% used [0x00000000d5700000,0x00000000d5700000,0x00000000d5900000)
 ParOldGen       total 1047040K, used 1046622K [0x0000000080000000, 0x00000000bfe80000, 0x00000000d5580000)
  object space 1047040K, 99% used [0x0000000080000000,0x00000000bfe179b0,0x00000000bfe80000)
 Metaspace       used 65208K, committed 66560K, reserved 1114112K
  class space    used 6763K, committed 7360K, reserved 1048576K
}
Event: 10514.807 GC heap before
{Heap before GC invocations=326 (full 3):
 PSYoungGen      total 2048K, used 1830K [0x00000000d5580000, 0x00000000d5b80000, 0x0000000100000000)
  eden space 1536K, 85% used [0x00000000d5580000,0x00000000d56c9ad0,0x00000000d5700000)
  from space 512K, 100% used [0x00000000d5900000,0x00000000d5980000,0x00000000d5980000)
  to   space 2048K, 0% used [0x00000000d5700000,0x00000000d5700000,0x00000000d5900000)
 ParOldGen       total 1047040K, used 1046622K [0x0000000080000000, 0x00000000bfe80000, 0x00000000d5580000)
  object space 1047040K, 99% used [0x0000000080000000,0x00000000bfe179b0,0x00000000bfe80000)
 Metaspace       used 65208K, committed 66560K, reserved 1114112K
  class space    used 6763K, committed 7360K, reserved 1048576K
}
Event: 10514.810 GC heap after
{Heap after GC invocations=326 (full 3):
 PSYoungGen      total 3584K, used 1168K [0x00000000d5580000, 0x00000000d5a80000, 0x0000000100000000)
  eden space 1536K, 0% used [0x00000000d5580000,0x00000000d5580000,0x00000000d5700000)
  from space 2048K, 57% used [0x00000000d5700000,0x00000000d5824000,0x00000000d5900000)
  to   space 1536K, 0% used [0x00000000d5900000,0x00000000d5900000,0x00000000d5a80000)
 ParOldGen       total 1047552K, used 1047174K [0x0000000080000000, 0x00000000bff00000, 0x00000000d5580000)
  object space 1047552K, 99% used [0x0000000080000000,0x00000000bfea19b0,0x00000000bff00000)
 Metaspace       used 65208K, committed 66560K, reserved 1114112K
  class space    used 6763K, committed 7360K, reserved 1048576K
}
Event: 10514.819 GC heap before
{Heap before GC invocations=327 (full 3):
 PSYoungGen      total 3584K, used 2350K [0x00000000d5580000, 0x00000000d5a80000, 0x0000000100000000)
  eden space 1536K, 76% used [0x00000000d5580000,0x00000000d56a7880,0x00000000d5700000)
  from space 2048K, 57% used [0x00000000d5700000,0x00000000d5824000,0x00000000d5900000)
  to   space 1536K, 0% used [0x00000000d5900000,0x00000000d5900000,0x00000000d5a80000)
 ParOldGen       total 1047552K, used 1047174K [0x0000000080000000, 0x00000000bff00000, 0x00000000d5580000)
  object space 1047552K, 99% used [0x0000000080000000,0x00000000bfea19b0,0x00000000bff00000)
 Metaspace       used 65208K, committed 66560K, reserved 1114112K
  class space    used 6763K, committed 7360K, reserved 1048576K
}
Event: 10514.821 GC heap after
{Heap after GC invocations=327 (full 3):
 PSYoungGen      total 3584K, used 952K [0x00000000d5580000, 0x00000000d5a80000, 0x0000000100000000)
  eden space 2048K, 0% used [0x00000000d5580000,0x00000000d5580000,0x00000000d5780000)
  from space 1536K, 61% used [0x00000000d5900000,0x00000000d59ee000,0x00000000d5a80000)
  to   space 1536K, 0% used [0x00000000d5780000,0x00000000d5780000,0x00000000d5900000)
 ParOldGen       total 1048064K, used 1047894K [0x0000000080000000, 0x00000000bff80000, 0x00000000d5580000)
  object space 1048064K, 99% used [0x0000000080000000,0x00000000bff559b0,0x00000000bff80000)
 Metaspace       used 65208K, committed 66560K, reserved 1114112K
  class space    used 6763K, committed 7360K, reserved 1048576K
}
Event: 10514.844 GC heap before
{Heap before GC invocations=328 (full 3):
 PSYoungGen      total 3584K, used 2873K [0x00000000d5580000, 0x00000000d5a80000, 0x0000000100000000)
  eden space 2048K, 93% used [0x00000000d5580000,0x00000000d5760518,0x00000000d5780000)
  from space 1536K, 61% used [0x00000000d5900000,0x00000000d59ee000,0x00000000d5a80000)
  to   space 1536K, 0% used [0x00000000d5780000,0x00000000d5780000,0x00000000d5900000)
 ParOldGen       total 1048064K, used 1047894K [0x0000000080000000, 0x00000000bff80000, 0x00000000d5580000)
  object space 1048064K, 99% used [0x0000000080000000,0x00000000bff559b0,0x00000000bff80000)
 Metaspace       used 65208K, committed 66560K, reserved 1114112K
  class space    used 6763K, committed 7360K, reserved 1048576K
}
Event: 10514.847 GC heap after
{Heap after GC invocations=328 (full 3):
 PSYoungGen      total 3584K, used 1524K [0x00000000d5580000, 0x00000000d5f00000, 0x0000000100000000)
  eden space 2048K, 0% used [0x00000000d5580000,0x00000000d5580000,0x00000000d5780000)
  from space 1536K, 99% used [0x00000000d5780000,0x00000000d58fd230,0x00000000d5900000)
  to   space 3584K, 0% used [0x00000000d5b80000,0x00000000d5b80000,0x00000000d5f00000)
 ParOldGen       total 1049600K, used 1049389K [0x0000000080000000, 0x00000000c0100000, 0x00000000d5580000)
  object space 1049600K, 99% used [0x0000000080000000,0x00000000c00cb428,0x00000000c0100000)
 Metaspace       used 65208K, committed 66560K, reserved 1114112K
  class space    used 6763K, committed 7360K, reserved 1048576K
}
Event: 10514.885 GC heap before
{Heap before GC invocations=329 (full 3):
 PSYoungGen      total 3584K, used 3567K [0x00000000d5580000, 0x00000000d5f00000, 0x0000000100000000)
  eden space 2048K, 99% used [0x00000000d5580000,0x00000000d577ec68,0x00000000d5780000)
  from space 1536K, 99% used [0x00000000d5780000,0x00000000d58fd230,0x00000000d5900000)
  to   space 3584K, 0% used [0x00000000d5b80000,0x00000000d5b80000,0x00000000d5f00000)
 ParOldGen       total 1049600K, used 1049389K [0x0000000080000000, 0x00000000c0100000, 0x00000000d5580000)
  object space 1049600K, 99% used [0x0000000080000000,0x00000000c00cb428,0x00000000c0100000)
 Metaspace       used 65208K, committed 66560K, reserved 1114112K
  class space    used 6763K, committed 7360K, reserved 1048576K
}
Event: 10514.889 GC heap after
{Heap after GC invocations=329 (full 3):
 PSYoungGen      total 5120K, used 2141K [0x00000000d5580000, 0x00000000d5e00000, 0x0000000100000000)
  eden space 2560K, 0% used [0x00000000d5580000,0x00000000d5580000,0x00000000d5800000)
  from space 2560K, 83% used [0x00000000d5b80000,0x00000000d5d977e8,0x00000000d5e00000)
  to   space 2560K, 0% used [0x00000000d5900000,0x00000000d5900000,0x00000000d5b80000)
 ParOldGen       total 1051648K, used 1050922K [0x0000000080000000, 0x00000000c0300000, 0x00000000d5580000)
  object space 1051648K, 99% used [0x0000000080000000,0x00000000c024ab90,0x00000000c0300000)
 Metaspace       used 65208K, committed 66560K, reserved 1114112K
  class space    used 6763K, committed 7360K, reserved 1048576K
}
Event: 10515.112 GC heap before
{Heap before GC invocations=330 (full 3):
 PSYoungGen      total 5120K, used 4701K [0x00000000d5580000, 0x00000000d5e00000, 0x0000000100000000)
  eden space 2560K, 99% used [0x00000000d5580000,0x00000000d57ffff0,0x00000000d5800000)
  from space 2560K, 83% used [0x00000000d5b80000,0x00000000d5d977e8,0x00000000d5e00000)
  to   space 2560K, 0% used [0x00000000d5900000,0x00000000d5900000,0x00000000d5b80000)
 ParOldGen       total 1051648K, used 1050922K [0x0000000080000000, 0x00000000c0300000, 0x00000000d5580000)
  object space 1051648K, 99% used [0x0000000080000000,0x00000000c024ab90,0x00000000c0300000)
 Metaspace       used 65250K, committed 66688K, reserved 1114112K
  class space    used 6763K, committed 7360K, reserved 1048576K
}
Event: 10515.118 GC heap after
{Heap after GC invocations=330 (full 3):
 PSYoungGen      total 3584K, used 736K [0x00000000d5580000, 0x00000000d5c00000, 0x0000000100000000)
  eden space 2560K, 0% used [0x00000000d5580000,0x00000000d5580000,0x00000000d5800000)
  from space 1024K, 71% used [0x00000000d5900000,0x00000000d59b8020,0x00000000d5a00000)
  to   space 1536K, 0% used [0x00000000d5a80000,0x00000000d5a80000,0x00000000d5c00000)
 ParOldGen       total 1051648K, used 1050970K [0x0000000080000000, 0x00000000c0300000, 0x00000000d5580000)
  object space 1051648K, 99% used [0x0000000080000000,0x00000000c0256b90,0x00000000c0300000)
 Metaspace       used 65250K, committed 66688K, reserved 1114112K
  class space    used 6763K, committed 7360K, reserved 1048576K
}
Event: 10669.153 GC heap before
{Heap before GC invocations=331 (full 3):
 PSYoungGen      total 3584K, used 3296K [0x00000000d5580000, 0x00000000d5c00000, 0x0000000100000000)
  eden space 2560K, 100% used [0x00000000d5580000,0x00000000d5800000,0x00000000d5800000)
  from space 1024K, 71% used [0x00000000d5900000,0x00000000d59b8020,0x00000000d5a00000)
  to   space 1536K, 0% used [0x00000000d5a80000,0x00000000d5a80000,0x00000000d5c00000)
 ParOldGen       total 1083392K, used 1081690K [0x0000000080000000, 0x00000000c2200000, 0x00000000d5580000)
  object space 1083392K, 99% used [0x0000000080000000,0x00000000c2056bc0,0x00000000c2200000)
 Metaspace       used 65276K, committed 66688K, reserved 1114112K
  class space    used 6765K, committed 7360K, reserved 1048576K
}
Event: 10669.321 GC heap after
{Heap after GC invocations=331 (full 3):
 PSYoungGen      total 3072K, used 320K [0x00000000d5580000, 0x00000000d5b00000, 0x0000000100000000)
  eden space 2560K, 0% used [0x00000000d5580000,0x00000000d5580000,0x00000000d5800000)
  from space 512K, 62% used [0x00000000d5a80000,0x00000000d5ad0000,0x00000000d5b00000)
  to   space 1024K, 0% used [0x00000000d5900000,0x00000000d5900000,0x00000000d5a00000)
 ParOldGen       total 1083392K, used 1082130K [0x0000000080000000, 0x00000000c2200000, 0x00000000d5580000)
  object space 1083392K, 99% used [0x0000000080000000,0x00000000c20c4bc0,0x00000000c2200000)
 Metaspace       used 65276K, committed 66688K, reserved 1114112K
  class space    used 6765K, committed 7360K, reserved 1048576K
}

