# JRE version: OpenJDK Runtime Environment Temurin-21.0.9+10 (21.0.9+10) (build 21.0.9+10-LTS)
# Java VM: OpenJDK 64-Bit Server VM Temurin-21.0.9+10 (21.0.9+10-LTS, mixed mode, sharing, tiered, compressed oops, compressed class ptrs, parallel gc, windows-amd64)
GC Precious Log:
 CardTable entry size: 512
 CPUs: 12 total, 12 available
 Memory: 7381M
 Large Page Support: Disabled
 NUMA Support: Disabled
 Compressed Oops: Enabled (32-bit)
 Alignments: Space 512K, Generation 512K, Heap 2M
 Heap Min Capacity: 100M
 Heap Initial Capacity: 100M
 Heap Max Capacity: 2G
 Pre-touch: Disabled
 Parallel Workers: 10
Heap:
 PSYoungGen      total 3072K, used 2125K [0x00000000d5580000, 0x00000000d5b80000, 0x0000000100000000)
  eden space 2560K, 68% used [0x00000000d5580000,0x00000000d5733478,0x00000000d5800000)
  from space 512K, 75% used [0x00000000d5b00000,0x00000000d5b60000,0x00000000d5b80000)
  to   space 1536K, 0% used [0x00000000d5880000,0x00000000d5880000,0x00000000d5a00000)
 ParOldGen       total 611328K, used 610320K [0x0000000080000000, 0x00000000a5500000, 0x00000000d5580000)
  object space 611328K, 99% used [0x0000000080000000,0x00000000a5404238,0x00000000a5500000)
 Metaspace       used 67742K, committed 69312K, reserved 1114112K
  class space    used 6945K, committed 7680K, reserved 1048576K
GC Heap History (20 events):
Event: 6834.586 GC heap before
{Heap before GC invocations=596 (full 4):
 PSYoungGen      total 4608K, used 3864K [0x00000000d5580000, 0x00000000d5e00000, 0x0000000100000000)
  eden space 2560K, 78% used [0x00000000d5580000,0x00000000d57759a0,0x00000000d5800000)
  from space 2048K, 90% used [0x00000000d5c00000,0x00000000d5dd0800,0x00000000d5e00000)
  to   space 2560K, 0% used [0x00000000d5900000,0x00000000d5900000,0x00000000d5b80000)
 ParOldGen       total 564224K, used 564078K [0x0000000080000000, 0x00000000a2700000, 0x00000000d5580000)
  object space 564224K, 99% used [0x0000000080000000,0x00000000a26db820,0x00000000a2700000)
 Metaspace       used 67659K, committed 69248K, reserved 1114112K
  class space    used 6945K, committed 7680K, reserved 1048576K
}
Event: 6834.588 GC heap after
{Heap after GC invocations=596 (full 4):
 PSYoungGen      total 5632K, used 2120K [0x00000000d5580000, 0x00000000d5d80000, 0x0000000100000000)
  eden space 3072K, 0% used [0x00000000d5580000,0x00000000d5580000,0x00000000d5880000)
  from space 2560K, 82% used [0x00000000d5900000,0x00000000d5b12000,0x00000000d5b80000)
  to   space 2048K, 0% used [0x00000000d5b80000,0x00000000d5b80000,0x00000000d5d80000)
 ParOldGen       total 565760K, used 565494K [0x0000000080000000, 0x00000000a2880000, 0x00000000d5580000)
  object space 565760K, 99% used [0x0000000080000000,0x00000000a283d820,0x00000000a2880000)
 Metaspace       used 67659K, committed 69248K, reserved 1114112K
  class space    used 6945K, committed 7680K, reserved 1048576K
}
Event: 6834.618 GC heap before
{Heap before GC invocations=597 (full 4):
 PSYoungGen      total 5632K, used 5192K [0x00000000d5580000, 0x00000000d5d80000, 0x0000000100000000)
  eden space 3072K, 100% used [0x00000000d5580000,0x00000000d5880000,0x00000000d5880000)
  from space 2560K, 82% used [0x00000000d5900000,0x00000000d5b12000,0x00000000d5b80000)
  to   space 2048K, 0% used [0x00000000d5b80000,0x00000000d5b80000,0x00000000d5d80000)
 ParOldGen       total 565760K, used 565494K [0x0000000080000000, 0x00000000a2880000, 0x00000000d5580000)
  object space 565760K, 99% used [0x0000000080000000,0x00000000a283d820,0x00000000a2880000)
 Metaspace       used 67659K, committed 69248K, reserved 1114112K
  class space    used 6945K, committed 7680K, reserved 1048576K
}
Event: 6834.621 GC heap after
{Heap after GC invocations=597 (full 4):
 PSYoungGen      total 3072K, used 2034K [0x00000000d5580000, 0x00000000d6380000, 0x0000000100000000)
  eden space 1024K, 0% used [0x00000000d5580000,0x00000000d5580000,0x00000000d5680000)
  from space 2048K, 99% used [0x00000000d5b80000,0x00000000d5d7cb70,0x00000000d5d80000)
  to   space 5120K, 0% used [0x00000000d5680000,0x00000000d5680000,0x00000000d5b80000)
 ParOldGen       total 568320K, used 567882K [0x0000000080000000, 0x00000000a2b00000, 0x00000000d5580000)
  object space 568320K, 99% used [0x0000000080000000,0x00000000a2a92820,0x00000000a2b00000)
 Metaspace       used 67659K, committed 69248K, reserved 1114112K
  class space    used 6945K, committed 7680K, reserved 1048576K
}
Event: 6834.622 GC heap before
{Heap before GC invocations=598 (full 4):
 PSYoungGen      total 3072K, used 3058K [0x00000000d5580000, 0x00000000d6380000, 0x0000000100000000)
  eden space 1024K, 100% used [0x00000000d5580000,0x00000000d5680000,0x00000000d5680000)
  from space 2048K, 99% used [0x00000000d5b80000,0x00000000d5d7cb70,0x00000000d5d80000)
  to   space 5120K, 0% used [0x00000000d5680000,0x00000000d5680000,0x00000000d5b80000)
 ParOldGen       total 568320K, used 567882K [0x0000000080000000, 0x00000000a2b00000, 0x00000000d5580000)
  object space 568320K, 99% used [0x0000000080000000,0x00000000a2a92820,0x00000000a2b00000)
 Metaspace       used 67659K, committed 69248K, reserved 1114112K
  class space    used 6945K, committed 7680K, reserved 1048576K
}
Event: 6834.624 GC heap after
{Heap after GC invocations=598 (full 4):
 PSYoungGen      total 2560K, used 1184K [0x00000000d5580000, 0x00000000d5c00000, 0x0000000100000000)
  eden space 1024K, 0% used [0x00000000d5580000,0x00000000d5580000,0x00000000d5680000)
  from space 1536K, 77% used [0x00000000d5680000,0x00000000d57a8000,0x00000000d5800000)
  to   space 2560K, 0% used [0x00000000d5980000,0x00000000d5980000,0x00000000d5c00000)
 ParOldGen       total 570368K, used 569964K [0x0000000080000000, 0x00000000a2d00000, 0x00000000d5580000)
  object space 570368K, 99% used [0x0000000080000000,0x00000000a2c9b390,0x00000000a2d00000)
 Metaspace       used 67659K, committed 69248K, reserved 1114112K
  class space    used 6945K, committed 7680K, reserved 1048576K
}
Event: 6834.625 GC heap before
{Heap before GC invocations=599 (full 4):
 PSYoungGen      total 2560K, used 2208K [0x00000000d5580000, 0x00000000d5c00000, 0x0000000100000000)
  eden space 1024K, 100% used [0x00000000d5580000,0x00000000d5680000,0x00000000d5680000)
  from space 1536K, 77% used [0x00000000d5680000,0x00000000d57a8000,0x00000000d5800000)
  to   space 2560K, 0% used [0x00000000d5980000,0x00000000d5980000,0x00000000d5c00000)
 ParOldGen       total 570368K, used 569964K [0x0000000080000000, 0x00000000a2d00000, 0x00000000d5580000)
  object space 570368K, 99% used [0x0000000080000000,0x00000000a2c9b390,0x00000000a2d00000)
 Metaspace       used 67659K, committed 69248K, reserved 1114112K
  class space    used 6945K, committed 7680K, reserved 1048576K
}
Event: 6834.626 GC heap after
{Heap after GC invocations=599 (full 4):
 PSYoungGen      total 3072K, used 1088K [0x00000000d5580000, 0x00000000d5b00000, 0x0000000100000000)
  eden space 1536K, 0% used [0x00000000d5580000,0x00000000d5580000,0x00000000d5700000)
  from space 1536K, 70% used [0x00000000d5980000,0x00000000d5a90000,0x00000000d5b00000)
  to   space 1536K, 0% used [0x00000000d5800000,0x00000000d5800000,0x00000000d5980000)
 ParOldGen       total 571392K, used 571004K [0x0000000080000000, 0x00000000a2e00000, 0x00000000d5580000)
  object space 571392K, 99% used [0x0000000080000000,0x00000000a2d9f390,0x00000000a2e00000)
 Metaspace       used 67659K, committed 69248K, reserved 1114112K
  class space    used 6945K, committed 7680K, reserved 1048576K
}
Event: 6834.628 GC heap before
{Heap before GC invocations=600 (full 4):
 PSYoungGen      total 3072K, used 2623K [0x00000000d5580000, 0x00000000d5b00000, 0x0000000100000000)
  eden space 1536K, 99% used [0x00000000d5580000,0x00000000d56ffff8,0x00000000d5700000)
  from space 1536K, 70% used [0x00000000d5980000,0x00000000d5a90000,0x00000000d5b00000)
  to   space 1536K, 0% used [0x00000000d5800000,0x00000000d5800000,0x00000000d5980000)
 ParOldGen       total 571392K, used 571004K [0x0000000080000000, 0x00000000a2e00000, 0x00000000d5580000)
  object space 571392K, 99% used [0x0000000080000000,0x00000000a2d9f390,0x00000000a2e00000)
 Metaspace       used 67659K, committed 69248K, reserved 1114112K
  class space    used 6945K, committed 7680K, reserved 1048576K
}
Event: 6834.630 GC heap after
{Heap after GC invocations=600 (full 4):
 PSYoungGen      total 3584K, used 1536K [0x00000000d5580000, 0x00000000d5d80000, 0x0000000100000000)
  eden space 2048K, 0% used [0x00000000d5580000,0x00000000d5580000,0x00000000d5780000)
  from space 1536K, 100% used [0x00000000d5800000,0x00000000d5980000,0x00000000d5980000)
  to   space 3072K, 0% used [0x00000000d5a80000,0x00000000d5a80000,0x00000000d5d80000)
 ParOldGen       total 572416K, used 572076K [0x0000000080000000, 0x00000000a2f00000, 0x00000000d5580000)
  object space 572416K, 99% used [0x0000000080000000,0x00000000a2eab390,0x00000000a2f00000)
 Metaspace       used 67659K, committed 69248K, reserved 1114112K
  class space    used 6945K, committed 7680K, reserved 1048576K
}
Event: 6834.633 GC heap before
{Heap before GC invocations=601 (full 4):
 PSYoungGen      total 3584K, used 3546K [0x00000000d5580000, 0x00000000d5d80000, 0x0000000100000000)
  eden space 2048K, 98% used [0x00000000d5580000,0x00000000d57769d0,0x00000000d5780000)
  from space 1536K, 100% used [0x00000000d5800000,0x00000000d5980000,0x00000000d5980000)
  to   space 3072K, 0% used [0x00000000d5a80000,0x00000000d5a80000,0x00000000d5d80000)
 ParOldGen       total 572416K, used 572076K [0x0000000080000000, 0x00000000a2f00000, 0x00000000d5580000)
  object space 572416K, 99% used [0x0000000080000000,0x00000000a2eab390,0x00000000a2f00000)
 Metaspace       used 67659K, committed 69248K, reserved 1114112K
  class space    used 6945K, committed 7680K, reserved 1048576K
}
Event: 6834.636 GC heap after
{Heap after GC invocations=601 (full 4):
 PSYoungGen      total 5120K, used 2056K [0x00000000d5580000, 0x00000000d5d00000, 0x0000000100000000)
  eden space 2560K, 0% used [0x00000000d5580000,0x00000000d5580000,0x00000000d5800000)
  from space 2560K, 80% used [0x00000000d5a80000,0x00000000d5c82000,0x00000000d5d00000)
  to   space 2560K, 0% used [0x00000000d5800000,0x00000000d5800000,0x00000000d5a80000)
 ParOldGen       total 573952K, used 573620K [0x0000000080000000, 0x00000000a3080000, 0x00000000d5580000)
  object space 573952K, 99% used [0x0000000080000000,0x00000000a302d390,0x00000000a3080000)
 Metaspace       used 67659K, committed 69248K, reserved 1114112K
  class space    used 6945K, committed 7680K, reserved 1048576K
}
Event: 6834.649 GC heap before
{Heap before GC invocations=602 (full 4):
 PSYoungGen      total 5120K, used 4616K [0x00000000d5580000, 0x00000000d5d00000, 0x0000000100000000)
  eden space 2560K, 100% used [0x00000000d5580000,0x00000000d5800000,0x00000000d5800000)
  from space 2560K, 80% used [0x00000000d5a80000,0x00000000d5c82000,0x00000000d5d00000)
  to   space 2560K, 0% used [0x00000000d5800000,0x00000000d5800000,0x00000000d5a80000)
 ParOldGen       total 573952K, used 573620K [0x0000000080000000, 0x00000000a3080000, 0x00000000d5580000)
  object space 573952K, 99% used [0x0000000080000000,0x00000000a302d390,0x00000000a3080000)
 Metaspace       used 67659K, committed 69248K, reserved 1114112K
  class space    used 6945K, committed 7680K, reserved 1048576K
}
Event: 6834.651 GC heap after
{Heap after GC invocations=602 (full 4):
 PSYoungGen      total 5120K, used 1600K [0x00000000d5580000, 0x00000000d5c80000, 0x0000000100000000)
  eden space 2560K, 0% used [0x00000000d5580000,0x00000000d5580000,0x00000000d5800000)
  from space 2560K, 62% used [0x00000000d5800000,0x00000000d5990000,0x00000000d5a80000)
  to   space 2048K, 0% used [0x00000000d5a80000,0x00000000d5a80000,0x00000000d5c80000)
 ParOldGen       total 575488K, used 575348K [0x0000000080000000, 0x00000000a3200000, 0x00000000d5580000)
  object space 575488K, 99% used [0x0000000080000000,0x00000000a31dd390,0x00000000a3200000)
 Metaspace       used 67659K, committed 69248K, reserved 1114112K
  class space    used 6945K, committed 7680K, reserved 1048576K
}
Event: 6834.667 GC heap before
{Heap before GC invocations=603 (full 4):
 PSYoungGen      total 5120K, used 4094K [0x00000000d5580000, 0x00000000d5c80000, 0x0000000100000000)
  eden space 2560K, 97% used [0x00000000d5580000,0x00000000d57efac8,0x00000000d5800000)
  from space 2560K, 62% used [0x00000000d5800000,0x00000000d5990000,0x00000000d5a80000)
  to   space 2048K, 0% used [0x00000000d5a80000,0x00000000d5a80000,0x00000000d5c80000)
 ParOldGen       total 575488K, used 575348K [0x0000000080000000, 0x00000000a3200000, 0x00000000d5580000)
  object space 575488K, 99% used [0x0000000080000000,0x00000000a31dd390,0x00000000a3200000)
 Metaspace       used 67660K, committed 69248K, reserved 1114112K
  class space    used 6945K, committed 7680K, reserved 1048576K
}
Event: 6834.670 GC heap after
{Heap after GC invocations=603 (full 4):
 PSYoungGen      total 4608K, used 2004K [0x00000000d5580000, 0x00000000d5d80000, 0x0000000100000000)
  eden space 2560K, 0% used [0x00000000d5580000,0x00000000d5580000,0x00000000d5800000)
  from space 2048K, 97% used [0x00000000d5a80000,0x00000000d5c751c0,0x00000000d5c80000)
  to   space 2560K, 0% used [0x00000000d5800000,0x00000000d5800000,0x00000000d5a80000)
 ParOldGen       total 577536K, used 577420K [0x0000000080000000, 0x00000000a3400000, 0x00000000d5580000)
  object space 577536K, 99% used [0x0000000080000000,0x00000000a33e3390,0x00000000a3400000)
 Metaspace       used 67660K, committed 69248K, reserved 1114112K
  class space    used 6945K, committed 7680K, reserved 1048576K
}
Event: 6834.685 GC heap before
{Heap before GC invocations=604 (full 4):
 PSYoungGen      total 4608K, used 4564K [0x00000000d5580000, 0x00000000d5d80000, 0x0000000100000000)
  eden space 2560K, 100% used [0x00000000d5580000,0x00000000d5800000,0x00000000d5800000)
  from space 2048K, 97% used [0x00000000d5a80000,0x00000000d5c751c0,0x00000000d5c80000)
  to   space 2560K, 0% used [0x00000000d5800000,0x00000000d5800000,0x00000000d5a80000)
 ParOldGen       total 577536K, used 577420K [0x0000000080000000, 0x00000000a3400000, 0x00000000d5580000)
  object space 577536K, 99% used [0x0000000080000000,0x00000000a33e3390,0x00000000a3400000)
 Metaspace       used 67660K, committed 69248K, reserved 1114112K
  class space    used 6945K, committed 7680K, reserved 1048576K
}
Event: 6834.688 GC heap after
{Heap after GC invocations=604 (full 4):
 PSYoungGen      total 5120K, used 2139K [0x00000000d5580000, 0x00000000d5d80000, 0x0000000100000000)
  eden space 2560K, 0% used [0x00000000d5580000,0x00000000d5580000,0x00000000d5800000)
  from space 2560K, 83% used [0x00000000d5800000,0x00000000d5a16fa0,0x00000000d5a80000)
  to   space 2560K, 0% used [0x00000000d5b00000,0x00000000d5b00000,0x00000000d5d80000)
 ParOldGen       total 579584K, used 579288K [0x0000000080000000, 0x00000000a3600000, 0x00000000d5580000)
  object space 579584K, 99% used [0x0000000080000000,0x00000000a35b6208,0x00000000a3600000)
 Metaspace       used 67660K, committed 69248K, reserved 1114112K
  class space    used 6945K, committed 7680K, reserved 1048576K
}
Event: 6834.741 GC heap before
{Heap before GC invocations=605 (full 4):
 PSYoungGen      total 5120K, used 4699K [0x00000000d5580000, 0x00000000d5d80000, 0x0000000100000000)
  eden space 2560K, 99% used [0x00000000d5580000,0x00000000d57ffff8,0x00000000d5800000)
  from space 2560K, 83% used [0x00000000d5800000,0x00000000d5a16fa0,0x00000000d5a80000)
  to   space 2560K, 0% used [0x00000000d5b00000,0x00000000d5b00000,0x00000000d5d80000)
 ParOldGen       total 611328K, used 610008K [0x0000000080000000, 0x00000000a5500000, 0x00000000d5580000)
  object space 611328K, 99% used [0x0000000080000000,0x00000000a53b6238,0x00000000a5500000)
 Metaspace       used 67720K, committed 69312K, reserved 1114112K
  class space    used 6945K, committed 7680K, reserved 1048576K
}
Event: 6834.742 GC heap after
{Heap after GC invocations=605 (full 4):
 PSYoungGen      total 3072K, used 384K [0x00000000d5580000, 0x00000000d5b80000, 0x0000000100000000)
  eden space 2560K, 0% used [0x00000000d5580000,0x00000000d5580000,0x00000000d5800000)
  from space 512K, 75% used [0x00000000d5b00000,0x00000000d5b60000,0x00000000d5b80000)
  to   space 1536K, 0% used [0x00000000d5880000,0x00000000d5880000,0x00000000d5a00000)
 ParOldGen       total 611328K, used 610320K [0x0000000080000000, 0x00000000a5500000, 0x00000000d5580000)
  object space 611328K, 99% used [0x0000000080000000,0x00000000a5404238,0x00000000a5500000)
 Metaspace       used 67720K, committed 69312K, reserved 1114112K
  class space    used 6945K, committed 7680K, reserved 1048576K
}

